Mounted /org/freedesktop/UDisks/devices/sdb1 at /media/SECRETS

SECRETS unmounted

Mounted /org/freedesktop/UDisks/devices/sdb1 at /media/SECRETS

SECRETS unmounted

Mounted /org/freedesktop/UDisks/devices/sdb1 at /media/SECRETS

SECRETS unmounted

Mounted /org/freedesktop/UDisks/devices/sdb1 at /media/SECRETS

SECRETS unmounted

Mounted /org/freedesktop/UDisks/devices/sdb1 at /media/SECRETS

SECRETS unmounted
Mounted /org/freedesktop/UDisks/devices/sdb1 at /media/SECRETS

SECRETS unmounted

Mounted /org/freedesktop/UDisks/devices/sdb1 at /media/SECRETS

SECRETS unmounted

Mounted /org/freedesktop/UDisks/devices/sdb1 at /media/SECRETS

SECRETS unmounted

Mounted /org/freedesktop/UDisks/devices/sdb1 at /media/SECRETS

SECRETS unmounted

Mounted /org/freedesktop/UDisks/devices/sdb1 at /media/Gaby HDD

Gaby HDD unmounted

Mounted /org/freedesktop/UDisks/devices/sdb1 at /media/Gaby HDD

Gaby HDD unmounted

Cannot stat device file /dev/sdb1: No such file or directory

Mounted /org/freedesktop/UDisks/devices/sdb1 at /media/Gaby HDD

Mounted /org/freedesktop/UDisks/devices/sdb1 at /media/Gaby HDD

Gaby HDD unmounted

Cannot stat device file /dev/sdb1: No such file or directory

Mounted /org/freedesktop/UDisks/devices/sdb1 at /media/SECRETS

SECRETS unmounted

Mounted /org/freedesktop/UDisks/devices/sdb1 at /media/SECRETS

SECRETS unmounted

Mounted /org/freedesktop/UDisks/devices/sdb1 at /media/SECRETS

Mounted /org/freedesktop/UDisks/devices/sdb1 at /media/SECRETS

Mounted /org/freedesktop/UDisks/devices/sdb1 at /media/SECRETS

SECRETS unmounted

Mounted /org/freedesktop/UDisks/devices/sdb1 at /media/Gaby HDD

Gaby HDD unmounted

Mounted /org/freedesktop/UDisks/devices/sdb1 at /media/Gaby HDD

Mounted /org/freedesktop/UDisks/devices/sdb1 at /media/Gaby HDD

Mounted /org/freedesktop/UDisks/devices/sdb1 at /media/Gaby HDD

Mounted /org/freedesktop/UDisks/devices/sdb1 at /media/Gaby HDD

Mounted /org/freedesktop/UDisks/devices/sdb1 at /media/Gaby HDD

Mounted /org/freedesktop/UDisks/devices/sdb1 at /media/Gaby HDD

Mounted /org/freedesktop/UDisks/devices/sdb1 at /media/Gaby HDD

Mounted /org/freedesktop/UDisks/devices/sdb1 at /media/Gaby HDD

Mounted /org/freedesktop/UDisks/devices/sdb1 at /media/Gaby HDD

Mounted /org/freedesktop/UDisks/devices/sdb1 at /media/SECRETS

Mounted /org/freedesktop/UDisks/devices/sdc1 at /media/Gaby HDD

Mounted /org/freedesktop/UDisks/devices/sdc1 at /media/Gaby HDD

Gaby HDD unmounted

Mounted /org/freedesktop/UDisks/devices/sdc1 at /media/Gaby HDD

Mounted /org/freedesktop/UDisks/devices/sdc1 at /media/Gaby HDD

Mounted /org/freedesktop/UDisks/devices/sdc1 at /media/Gaby HDD

Mounted /org/freedesktop/UDisks/devices/sdc1 at /media/Gaby HDD

Mounted /org/freedesktop/UDisks/devices/sdc1 at /media/Gaby HDD

Mounted /org/freedesktop/UDisks/devices/sdc1 at /media/Gaby HDD

Mounted /org/freedesktop/UDisks/devices/sdc1 at /media/Gaby HDD

Mounted /org/freedesktop/UDisks/devices/sdc1 at /media/Gaby HDD

Mounted /org/freedesktop/UDisks/devices/sdc1 at /media/Gaby HDD

Mounted /org/freedesktop/UDisks/devices/sdc1 at /media/Gaby HDD

Mounted /org/freedesktop/UDisks/devices/sdc1 at /media/Gaby HDD

Mounted /org/freedesktop/UDisks/devices/sdc1 at /media/Gaby HDD

Mounted /org/freedesktop/UDisks/devices/sdc1 at /media/Gaby HDD

Mounted /org/freedesktop/UDisks/devices/sdc1 at /media/Gaby HDD

Mounted /org/freedesktop/UDisks/devices/sdc1 at /media/Gaby HDD

Mounted /org/freedesktop/UDisks/devices/sdc1 at /media/Gaby HDD

Mounted /org/freedesktop/UDisks/devices/sdc1 at /media/Gaby HDD

Mounted /org/freedesktop/UDisks/devices/sdc1 at /media/Gaby HDD

Mounted /org/freedesktop/UDisks/devices/sdc1 at /media/Gaby HDD

Mounted /org/freedesktop/UDisks/devices/sdc1 at /media/Gaby HDD

Mounted /org/freedesktop/UDisks/devices/sdb1 at /media/SECRETS

Mounted /org/freedesktop/UDisks/devices/sdb1 at /media/SECRETS

Mounted /org/freedesktop/UDisks/devices/sdc1 at /media/Gaby HDD

Mounted /org/freedesktop/UDisks/devices/sdb1 at /media/SECRETS

Mounted /org/freedesktop/UDisks/devices/sdb1 at /media/SECRETS

Mounted /org/freedesktop/UDisks/devices/sdb1 at /media/SECRETS

SECRETS unmounted

Mounted /org/freedesktop/UDisks/devices/sdb1 at /media/SECRETS

Mounted /org/freedesktop/UDisks/devices/sdb1 at /media/Gaby HDD

Mounted /org/freedesktop/UDisks/devices/sdb1 at /media/SECRETS

Mounted /org/freedesktop/UDisks/devices/sdb1 at /media/SECRETS

Mounted /org/freedesktop/UDisks/devices/sdb1 at /media/SECRETS

Mounted /org/freedesktop/UDisks/devices/sdb1 at /media/SECRETS

Mounted /org/freedesktop/UDisks/devices/sdb1 at /media/SECRETS

SECRETS unmounted

Mounted /org/freedesktop/UDisks/devices/sdb1 at /media/SECRETS

Mounted /org/freedesktop/UDisks/devices/sdb1 at /media/SECRETS

Mounted /org/freedesktop/UDisks/devices/sdb1 at /media/SECRETS

Mounted /org/freedesktop/UDisks/devices/sdb1 at /media/Gaby HDD

Mounted /org/freedesktop/UDisks/devices/sdb1 at /media/Gaby HDD

Mount failed: Error mounting: mount exited with exit code 13: Error reading bootsector: Input/output error
Failed to mount '/dev/sdb1': Input/output error
NTFS is either inconsistent, or there is a hardware fault, or it's a
SoftRAID/FakeRAID hardware. In the first case run chkdsk /f on Windows
then reboot into Windows twice. The usage of the /f parameter is very
important! If the device is a SoftRAID/FakeRAID then first activate
it and mount a different device under the /dev/mapper/ directory, (e.g.
/dev/mapper/nvidia_eahaabcc1). Please see the 'dmraid' documentation
for more details.


Mounted /org/freedesktop/UDisks/devices/sdb1 at /media/Gaby HDD

Gaby HDD unmounted

Mounted /org/freedesktop/UDisks/devices/sdb1 at /media/Gaby HDD

Mounted /org/freedesktop/UDisks/devices/sdb1 at /media/Gaby HDD

Mounted /org/freedesktop/UDisks/devices/sdb1 at /media/Gaby HDD

Mounted /org/freedesktop/UDisks/devices/sdb1 at /media/Gaby HDD

Mounted /org/freedesktop/UDisks/devices/sdb1 at /media/Gaby HDD

Mounted /org/freedesktop/UDisks/devices/sdb1 at /media/Gaby HDD

Mounted /org/freedesktop/UDisks/devices/sdb1 at /media/Gaby HDD

Gaby HDD unmounted

Mounted /org/freedesktop/UDisks/devices/sdb1 at /media/Gaby HDD

Mounted /org/freedesktop/UDisks/devices/sdb1 at /media/SECRETS

SECRETS unmounted

Mounted /org/freedesktop/UDisks/devices/sdb at /media/ARCH_201404

Mount failed: Error mounting: mount: /dev/sdb1 is write-protected, mounting read-only
mount: /dev/sdb1 is already mounted or /media/ARCH_201404_ busy


Mount failed: Error mounting: mount: /dev/sdb2 is already mounted or /media/ARCHISO_EFI busy


ARCH_201404 unmounted

Mounted /org/freedesktop/UDisks/devices/sdb1 at /media/SECRETS

SECRETS unmounted

Mounted /org/freedesktop/UDisks/devices/sdb1 at /media/Gaby HDD

Gaby HDD unmounted

Mounted /org/freedesktop/UDisks/devices/sdb1 at /media/Gaby HDD

Mounted /org/freedesktop/UDisks/devices/sdb1 at /media/SECRETS

Mounted /org/freedesktop/UDisks/devices/sdb1 at /media/SECRETS

SECRETS unmounted

Mounted /org/freedesktop/UDisks/devices/sdb1 at /media/SECRETS

SECRETS unmounted

Mounted /org/freedesktop/UDisks/devices/sdb1 at /media/Gaby HDD

Gaby HDD unmounted

Mounted /org/freedesktop/UDisks/devices/sdb1 at /media/Gaby HDD

Gaby HDD unmounted

Mounted /org/freedesktop/UDisks/devices/sdb1 at /media/Gaby HDD

Gaby HDD unmounted

Mounted /org/freedesktop/UDisks/devices/sdb1 at /media/Gaby HDD

Mounted /org/freedesktop/UDisks/devices/sdb1 at /media/Gaby HDD

Gaby HDD unmounted

Mounted /org/freedesktop/UDisks/devices/sdb1 at /media/Gaby HDD

Gaby HDD unmounted

Mounted /org/freedesktop/UDisks/devices/sdb1 at /media/Gaby HDD

Gaby HDD unmounted

Mounted /org/freedesktop/UDisks/devices/sdb1 at /media/Gaby HDD

Gaby HDD unmounted

Mounted /org/freedesktop/UDisks/devices/sdb1 at /media/Gaby HDD

Gaby HDD unmounted

Mounted /org/freedesktop/UDisks/devices/sdb1 at /media/SECRETS

SECRETS unmounted

Mounted /org/freedesktop/UDisks/devices/sdb1 at /media/SECRETS

SECRETS unmounted

Mounted /org/freedesktop/UDisks/devices/sdb1 at /media/SECRETS

Mounted /org/freedesktop/UDisks/devices/sdb1 at /media/SECRETS

Mounted /org/freedesktop/UDisks/devices/sdb1 at /media/Gaby HDD

Gaby HDD unmounted

Mounted /org/freedesktop/UDisks/devices/sdb1 at /media/Gaby HDD

Gaby HDD unmounted

Mounted /org/freedesktop/UDisks/devices/sdb1 at /media/Gaby HDD

Gaby HDD unmounted

Mounted /org/freedesktop/UDisks/devices/sdb1 at /media/Gaby HDD

Gaby HDD unmounted

Mounted /org/freedesktop/UDisks/devices/sdb1 at /media/SECRETS

SECRETS unmounted

Mounted /org/freedesktop/UDisks/devices/sdb1 at /media/SECRETS

SECRETS unmounted

Mounted /org/freedesktop/UDisks/devices/sdb1 at /media/SECRETS

SECRETS unmounted

Mounted /org/freedesktop/UDisks/devices/sdb1 at /media/Gaby HDD

Gaby HDD unmounted

Mounted /org/freedesktop/UDisks/devices/sdb1 at /media/Gaby HDD

Gaby HDD unmounted

Mounted /org/freedesktop/UDisks/devices/sdb1 at /media/Gaby HDD

Gaby HDD unmounted

Mounted /org/freedesktop/UDisks/devices/sdb1 at /media/SECRETS

SECRETS unmounted

Mounted /org/freedesktop/UDisks/devices/sdb1 at /media/SECRETS

Mounted /org/freedesktop/UDisks/devices/sdb1 at /media/SECRETS

SECRETS unmounted

Mounted /org/freedesktop/UDisks/devices/sdb1 at /media/Gaby HDD

Gaby HDD unmounted

Mounted /org/freedesktop/UDisks/devices/sdb at /media/BEAGLEBONE

BEAGLEBONE unmounted

Mounted /org/freedesktop/UDisks/devices/sdb1 at /media/Gaby HDD

Mounted /org/freedesktop/UDisks/devices/sdb1 at /media/Gaby HDD

Mounted /org/freedesktop/UDisks/devices/sdb1 at /media/Gaby HDD

Gaby HDD unmounted

Mounted /org/freedesktop/UDisks/devices/sdb1 at /media/Gaby HDD

Gaby HDD unmounted

Mounted /org/freedesktop/UDisks/devices/sdb1 at /media/Gaby HDD

Gaby HDD unmounted

Mounted /org/freedesktop/UDisks/devices/sdb1 at /media/Gaby HDD

Gaby HDD unmounted

Mounted /org/freedesktop/UDisks/devices/sdb1 at /media/Gaby HDD

Gaby HDD unmounted

Mounted /org/freedesktop/UDisks/devices/sdb1 at /media/SECRETS

SECRETS unmounted

Mounted /org/freedesktop/UDisks/devices/sdb2 at /media/USB HOME

Mounted /org/freedesktop/UDisks/devices/sdb at /media/Ubuntu 12.04.4 LTS amd64

Mount failed: Error mounting: mount: /dev/sdb1 is write-protected, mounting read-only
mount: /dev/sdb1 is already mounted or /media/Ubuntu 12.04.4 LTS amd64_ busy


Mount failed: Error mounting: mount: /dev/sdb2 is already mounted or /media/Ubuntu 12.04.4 LTS amd64_ busy


Ubuntu 12.04.4 LTS amd64 unmounted

Mounted /org/freedesktop/UDisks/devices/sdb at /media/Ubuntu 12.04.4 LTS amd64

Mount failed: Error mounting: mount: /dev/sdb1 is write-protected, mounting read-only
mount: /dev/sdb1 is already mounted or /media/Ubuntu 12.04.4 LTS amd64_ busy


Mount failed: Error mounting: mount: /dev/sdb2 is already mounted or /media/Ubuntu 12.04.4 LTS amd64_ busy


Mounted /org/freedesktop/UDisks/devices/sdb at /media/Ubuntu 12.04.4 LTS amd64

Mounted /org/freedesktop/UDisks/devices/sdb at /media/Ubuntu 12.04.4 LTS amd64

Mounted /org/freedesktop/UDisks/devices/sdb1 at /media/SECRETS

SECRETS unmounted

Mounted /org/freedesktop/UDisks/devices/sdb1 at /media/SECRETS

SECRETS unmounted

Mounted /org/freedesktop/UDisks/devices/sdb1 at /media/SECRETS

Mounted /org/freedesktop/UDisks/devices/sdb1 at /media/SECRETS

SECRETS unmounted

Mounted /org/freedesktop/UDisks/devices/sdb1 at /media/SECRETS

SECRETS unmounted

Mounted /org/freedesktop/UDisks/devices/sdb1 at /media/SECRETS

SECRETS unmounted

Mounted /org/freedesktop/UDisks/devices/sdb1 at /media/Gaby HDD

Gaby HDD unmounted

Mounted /org/freedesktop/UDisks/devices/sdb1 at /media/Gaby HDD

Gaby HDD unmounted

Mounted /org/freedesktop/UDisks/devices/sdb1 at /media/Gaby HDD

Gaby HDD unmounted

Mounted /org/freedesktop/UDisks/devices/sdb1 at /media/Gaby HDD

Mounted /org/freedesktop/UDisks/devices/sdb1 at /media/Gaby HDD

Gaby HDD unmounted

Mounted /org/freedesktop/UDisks/devices/sdb1 at /media/Gaby HDD

Mounted /org/freedesktop/UDisks/devices/sdb1 at /media/Gaby HDD

Gaby HDD unmounted

Mounted /org/freedesktop/UDisks/devices/sdb1 at /media/Gaby HDD

Gaby HDD unmounted

Mounted /org/freedesktop/UDisks/devices/sdb1 at /media/Gaby HDD

Gaby HDD unmounted

Mounted /org/freedesktop/UDisks/devices/sdb1 at /media/Gaby HDD

Mounted /org/freedesktop/UDisks/devices/sdb1 at /media/Gaby HDD

Gaby HDD unmounted

Mounted /org/freedesktop/UDisks/devices/sdb1 at /media/Gaby HDD

Gaby HDD unmounted

Mounted /org/freedesktop/UDisks/devices/sdb1 at /media/Gaby HDD

Gaby HDD unmounted

Mounted /org/freedesktop/UDisks/devices/sdb1 at /media/Gaby HDD

Mounted /org/freedesktop/UDisks/devices/sdb1 at /media/Gaby HDD

Mounted /org/freedesktop/UDisks/devices/sdb1 at /media/Gaby HDD

Gaby HDD unmounted

Mounted /org/freedesktop/UDisks/devices/sdb1 at /media/Gaby HDD

Mounted /org/freedesktop/UDisks/devices/sdb1 at /media/SECRETS

SECRETS unmounted

Mounted /org/freedesktop/UDisks/devices/sdb1 at /media/Gaby HDD

Gaby HDD unmounted

Mounted /org/freedesktop/UDisks/devices/sdb1 at /media/Gaby HDD

Mounted /org/freedesktop/UDisks/devices/sdb1 at /media/Gaby HDD

Gaby HDD unmounted

Mounted /org/freedesktop/UDisks/devices/sdb1 at /media/Gaby HDD

Gaby HDD unmounted

Mounted /org/freedesktop/UDisks/devices/sdb1 at /media/Gaby HDD

Mounted /org/freedesktop/UDisks/devices/sdb1 at /media/Gaby HDD

Gaby HDD unmounted

Mounted /org/freedesktop/UDisks/devices/sdb1 at /media/Gaby HDD

Mounted /org/freedesktop/UDisks/devices/sdb1 at /media/Gaby HDD

Mounted /org/freedesktop/UDisks/devices/sdb1 at /media/Gaby HDD

Mounted /org/freedesktop/UDisks/devices/sdb1 at /media/Gaby HDD

Mounted /org/freedesktop/UDisks/devices/sdb1 at /media/Gaby HDD

Mounted /org/freedesktop/UDisks/devices/sdb1 at /media/Gaby HDD

Mounted /org/freedesktop/UDisks/devices/sdb1 at /media/Gaby HDD

Mounted /org/freedesktop/UDisks/devices/sdb1 at /media/Gaby HDD

Mounted /org/freedesktop/UDisks/devices/sdb1 at /media/Gaby HDD

Mounted /org/freedesktop/UDisks/devices/sdb1 at /media/Gaby HDD

Mounted /org/freedesktop/UDisks/devices/sdb1 at /media/Gaby HDD

Mounted /org/freedesktop/UDisks/devices/sdb1 at /media/Gaby HDD

Mounted /org/freedesktop/UDisks/devices/sdb1 at /media/Gaby HDD

Mounted /org/freedesktop/UDisks/devices/sdb1 at /media/Gaby HDD

Mounted /org/freedesktop/UDisks/devices/sdb1 at /media/Gaby HDD

Mounted /org/freedesktop/UDisks/devices/sdb1 at /media/Gaby HDD

Mounted /org/freedesktop/UDisks/devices/sdb1 at /media/Gaby HDD

Mounted /org/freedesktop/UDisks/devices/sdb1 at /media/Gaby HDD

Mounted /org/freedesktop/UDisks/devices/sdb at /media/ARCH_201404

Mount failed: Error mounting: mount: /dev/sdb1 is write-protected, mounting read-only
mount: /dev/sdb1 is already mounted or /media/ARCH_201404_ busy


Mount failed: Error mounting: mount: /dev/sdb2 is already mounted or /media/ARCHISO_EFI busy


Mounted /org/freedesktop/UDisks/devices/sdb1 at /media/Gaby HDD

Mounted /org/freedesktop/UDisks/devices/sdb1 at /media/Gaby HDD

Mounted /org/freedesktop/UDisks/devices/sdb1 at /media/Gaby HDD

Mounted /org/freedesktop/UDisks/devices/sdb1 at /media/Gaby HDD

Mounted /org/freedesktop/UDisks/devices/sdb1 at /media/Gaby HDD

Mounted /org/freedesktop/UDisks/devices/sdb1 at /media/Gaby HDD

Mounted /org/freedesktop/UDisks/devices/sdb at /media/ARCH_201404

Mount failed: Error mounting: mount: /dev/sdb1 is write-protected, mounting read-only
mount: /dev/sdb1 is already mounted or /media/ARCH_201404_ busy


Mount failed: Error mounting: mount: /dev/sdb2 is already mounted or /media/ARCHISO_EFI busy


Mounted /org/freedesktop/UDisks/devices/sdb1 at /media/Gaby HDD

Mounted /org/freedesktop/UDisks/devices/sdb1 at /media/Gaby HDD

Mounted /org/freedesktop/UDisks/devices/sdb1 at /media/Gaby HDD

Mounted /org/freedesktop/UDisks/devices/sdb1 at /media/Gaby HDD

Mounted /org/freedesktop/UDisks/devices/sdb1 at /media/Gaby HDD

Mounted /org/freedesktop/UDisks/devices/sdb1 at /media/IPOD

Mounted /org/freedesktop/UDisks/devices/sdb at /media/BEAGLEBONE

Mounted /org/freedesktop/UDisks/devices/sdb at /media/BEAGLEBONE

Mounted /org/freedesktop/UDisks/devices/sdb at /media/BEAGLEBONE

Mounted /org/freedesktop/UDisks/devices/sdb1 at /media/SECRETS

Mounted /org/freedesktop/UDisks/devices/sdb1 at /media/SECRETS

Mounted /org/freedesktop/UDisks/devices/sdb at /media/ARCH_201404

Mount failed: Error mounting: mount: /dev/sdb1 is write-protected, mounting read-only
mount: /dev/sdb1 is already mounted or /media/ARCH_201404_ busy


Mount failed: Error mounting: mount: /dev/sdb2 is already mounted or /media/ARCHISO_EFI busy


Mounted /org/freedesktop/UDisks/devices/sdb1 at /media/SECRETS

Mounted /org/freedesktop/UDisks/devices/sdb at /media/BEAGLE_BONE

Mounted /org/freedesktop/UDisks/devices/sdb at /media/BEAGLE_BONE

Mounted /org/freedesktop/UDisks/devices/sdb at /media/BEAGLE_BONE

Mounted /org/freedesktop/UDisks/devices/sdb1 at /media/SECRETS

Mounted /org/freedesktop/UDisks/devices/sdb1 at /media/SECRETS

Mounted /org/freedesktop/UDisks/devices/sdb1 at /media/SECRETS

Mounted /org/freedesktop/UDisks/devices/sdb1 at /media/IPOD

Mounted /org/freedesktop/UDisks/devices/sdb1 at /media/IPOD

Mounted /org/freedesktop/UDisks/devices/sdb2 at /media/eMMC-Flasher

Mounted /org/freedesktop/UDisks/devices/sdb1 at /media/SECRETS

Mounted /org/freedesktop/UDisks/devices/sdb1 at /media/SECRETS

Mounted /org/freedesktop/UDisks/devices/sdb1 at /media/SECRETS

Mounted /org/freedesktop/UDisks/devices/sdb1 at /media/SECRETS

Mounted /org/freedesktop/UDisks/devices/sdb at /media/NOOK

Mounted /org/freedesktop/UDisks/devices/sdb1 at /media/TARRH DATA

Mounted /org/freedesktop/UDisks/devices/sdb1 at /media/SECRETS

Mounted /org/freedesktop/UDisks/devices/sdb1 at /media/SECRETS

Mounted /org/freedesktop/UDisks/devices/sdb1 at /media/SECRETS

Mounted /org/freedesktop/UDisks/devices/sdb at /media/boot

Mounted /org/freedesktop/UDisks/devices/sdb1 at /media/Gaby HDD

Mounted /org/freedesktop/UDisks/devices/sdb1 at /media/Gaby HDD

Mounted /org/freedesktop/UDisks/devices/sdb1 at /media/Gaby HDD

Mounted /org/freedesktop/UDisks/devices/sdb1 at /media/Gaby HDD

Mounted /org/freedesktop/UDisks/devices/sdb1 at /media/Gaby HDD

Mounted /org/freedesktop/UDisks/devices/sdb1 at /media/Gaby HDD

Mounted /org/freedesktop/UDisks/devices/sdb1 at /media/Gaby HDD

Mounted /org/freedesktop/UDisks/devices/sdb1 at /media/Gaby HDD

Mounted /org/freedesktop/UDisks/devices/sdb1 at /media/Gaby HDD
